generateApk/manifest-merger-release-report.txt
-- Merging decision tree log ---
manifest
ADDED from AndroidManifest.xml:2:1
	xmlns:android
		ADDED from AndroidManifest.xml:2:11
	package
		ADDED from AndroidManifest.xml:3:5
		INJECTED from AndroidManifest.xml:0:0
		INJECTED from AndroidManifest.xml:0:0
	android:versionName
		INJECTED from AndroidManifest.xml:0:0
		INJECTED from AndroidManifest.xml:0:0
	android:versionCode
		INJECTED from AndroidManifest.xml:0:0
		INJECTED from AndroidManifest.xml:0:0
uses-permission#android.permission.ACCESS_COARSE_LOCATION
ADDED from AndroidManifest.xml:6:5
	android:name
		ADDED from AndroidManifest.xml:6:22
uses-permission#android.permission.ACCESS_FINE_LOCATION
ADDED from AndroidManifest.xml:8:5
	android:name
		ADDED from AndroidManifest.xml:8:22
uses-permission#android.permission.ACCESS_WIFI_STATE
ADDED from AndroidManifest.xml:10:5
	android:name
		ADDED from AndroidManifest.xml:10:22
uses-permission#android.permission.ACCESS_NETWORK_STATE
ADDED from AndroidManifest.xml:12:5
	android:name
		ADDED from AndroidManifest.xml:12:22
uses-permission#android.permission.CHANGE_WIFI_STATE
ADDED from AndroidManifest.xml:14:5
	android:name
		ADDED from AndroidManifest.xml:14:22
uses-permission#android.permission.READ_PHONE_STATE
ADDED from AndroidManifest.xml:16:5
	android:name
		ADDED from AndroidManifest.xml:16:22
uses-permission#android.permission.WRITE_EXTERNAL_STORAGE
ADDED from AndroidManifest.xml:18:5
	android:name
		ADDED from AndroidManifest.xml:18:22
uses-permission#android.permission.INTERNET
ADDED from AndroidManifest.xml:20:5
	android:name
		ADDED from AndroidManifest.xml:20:22
uses-permission#android.permission.MOUNT_UNMOUNT_FILESYSTEMS
ADDED from AndroidManifest.xml:22:5
	android:name
		ADDED from AndroidManifest.xml:22:22
uses-permission#android.permission.READ_LOGS
ADDED from AndroidManifest.xml:24:5
	android:name
		ADDED from AndroidManifest.xml:24:22
uses-permission#android.permission.GET_ACCOUNTS
ADDED from AndroidManifest.xml:28:5
	android:name
		ADDED from AndroidManifest.xml:28:22
uses-permission#android.permission.USE_CREDENTIALS
ADDED from AndroidManifest.xml:29:5
	android:name
		ADDED from AndroidManifest.xml:29:22
uses-permission#android.permission.MANAGE_ACCOUNTS
ADDED from AndroidManifest.xml:30:5
	android:name
		ADDED from AndroidManifest.xml:30:22
uses-permission#android.permission.AUTHENTICATE_ACCOUNTS
ADDED from AndroidManifest.xml:31:5
	android:name
		ADDED from AndroidManifest.xml:31:22
uses-permission#com.android.launcher.permission.READ_SETTINGS
ADDED from AndroidManifest.xml:34:5
	android:name
		ADDED from AndroidManifest.xml:34:22
uses-permission#android.permission.BROADCAST_STICKY
ADDED from AndroidManifest.xml:39:5
	android:name
		ADDED from AndroidManifest.xml:39:22
uses-permission#android.permission.WRITE_SETTINGS
ADDED from AndroidManifest.xml:40:5
	android:name
		ADDED from AndroidManifest.xml:40:22
uses-permission#android.permission.RECORD_AUDIO
ADDED from AndroidManifest.xml:43:5
	android:name
		ADDED from AndroidManifest.xml:43:22
uses-permission#android.permission.BAIDU_LOCATION_SERVICE
ADDED from AndroidManifest.xml:53:5
	android:name
		ADDED from AndroidManifest.xml:53:22
uses-permission#android.permission.ACCES_MOCK_LOCATION
ADDED from AndroidManifest.xml:57:5
	android:name
		ADDED from AndroidManifest.xml:57:22
uses-permission#android.permission.WAKE_LOCK
ADDED from AndroidManifest.xml:60:5
	android:name
		ADDED from AndroidManifest.xml:60:22
uses-permission#android.permission.ACCESS_GPS
ADDED from AndroidManifest.xml:63:5
	android:name
		ADDED from AndroidManifest.xml:63:22
uses-permission#android.permission.GET_TASKS
ADDED from AndroidManifest.xml:64:5
	android:name
		ADDED from AndroidManifest.xml:64:22
uses-permission#android.permission.PROCESS_OUTGOING_CALLS
ADDED from AndroidManifest.xml:68:5
	android:name
		ADDED from AndroidManifest.xml:68:22
uses-permission#android.permission.MODIFY_AUDIO_SETTINGS
ADDED from AndroidManifest.xml:70:5
	android:name
		ADDED from AndroidManifest.xml:70:22
uses-permission#android.permission.READ_CONTACTS
ADDED from AndroidManifest.xml:74:5
	android:name
		ADDED from AndroidManifest.xml:74:22
uses-permission#android.permission.RECEIVE_SMS
ADDED from AndroidManifest.xml:80:5
	android:name
		ADDED from AndroidManifest.xml:80:22
application
ADDED from AndroidManifest.xml:84:5
MERGED from PandoraMap:sMSSDK:unspecified:11:5
MERGED from com.android.support:appcompat-v7:21.0.3:16:5
MERGED from com.android.support:support-v4:21.0.3:16:5
	android:debuggable
		ADDED from PandoraMap:sMSSDK:unspecified:13:9
	android:label
		ADDED from AndroidManifest.xml:88:9
	android:allowBackup
		ADDED from AndroidManifest.xml:86:9
	android:icon
		ADDED from AndroidManifest.xml:87:9
	android:theme
		ADDED from AndroidManifest.xml:89:9
	android:name
		ADDED from AndroidManifest.xml:85:9
meta-data#com.baidu.lbsapi.API_KEY
ADDED from AndroidManifest.xml:92:9
	android:name
		ADDED from AndroidManifest.xml:93:13
	android:value
		ADDED from AndroidManifest.xml:94:13
meta-data#com.baidu.speech.API_KEY
ADDED from AndroidManifest.xml:97:9
	android:name
		ADDED from AndroidManifest.xml:98:13
	android:value
		ADDED from AndroidManifest.xml:99:13
meta-data#com.baidu.speech.SECRET_KEY
ADDED from AndroidManifest.xml:101:9
	android:name
		ADDED from AndroidManifest.xml:102:13
	android:value
		ADDED from AndroidManifest.xml:103:13
service#com.baidu.speech.VoiceRecognitionService
ADDED from AndroidManifest.xml:105:9
	android:exported
		ADDED from AndroidManifest.xml:107:13
	android:name
		ADDED from AndroidManifest.xml:106:13
activity#com.baidu.voicerecognition.android.ui.BaiduASRDigitalDialog
ADDED from AndroidManifest.xml:109:9
	android:screenOrientation
		ADDED from AndroidManifest.xml:114:13
	android:configChanges
		ADDED from AndroidManifest.xml:111:13
	android:theme
		ADDED from AndroidManifest.xml:112:13
	android:exported
		ADDED from AndroidManifest.xml:113:13
	android:name
		ADDED from AndroidManifest.xml:110:13
intent-filter#android.intent.category.DEFAULT+com.baidu.action.RECOGNIZE_SPEECH
ADDED from AndroidManifest.xml:115:13
action#com.baidu.action.RECOGNIZE_SPEECH
ADDED from AndroidManifest.xml:116:17
	android:name
		ADDED from AndroidManifest.xml:116:25
category#android.intent.category.DEFAULT
ADDED from AndroidManifest.xml:117:17
	android:name
		ADDED from AndroidManifest.xml:117:27
activity#com.map.pandora.MainActivity
ADDED from AndroidManifest.xml:121:9
	android:label
		ADDED from AndroidManifest.xml:123:13
	android:name
		ADDED from AndroidManifest.xml:122:13
intent-filter#android.intent.action.MAIN+android.intent.category.LAUNCHER
ADDED from AndroidManifest.xml:124:13
action#android.intent.action.MAIN
ADDED from AndroidManifest.xml:125:17
	android:name
		ADDED from AndroidManifest.xml:125:25
category#android.intent.category.LAUNCHER
ADDED from AndroidManifest.xml:127:17
	android:name
		ADDED from AndroidManifest.xml:127:27
activity#com.map.pandora.SearchActivity_
ADDED from AndroidManifest.xml:131:9
	android:windowSoftInputMode
		ADDED from AndroidManifest.xml:133:13
	android:name
		ADDED from AndroidManifest.xml:132:13
activity#com.map.pandora.SearchPoiShowActivity_
ADDED from AndroidManifest.xml:134:9
	android:name
		ADDED from AndroidManifest.xml:134:19
activity#com.map.pandora.RoutePlanAcitivity_
ADDED from AndroidManifest.xml:135:9
	android:name
		ADDED from AndroidManifest.xml:135:19
activity#com.map.pandora.RouteShowActivity_
ADDED from AndroidManifest.xml:136:9
	android:name
		ADDED from AndroidManifest.xml:136:19
activity#com.map.pandora.PersonalActivity_
ADDED from AndroidManifest.xml:137:9
	android:name
		ADDED from AndroidManifest.xml:137:19
activity#com.map.pandora.LoginActivity_
ADDED from AndroidManifest.xml:138:9
	android:name
		ADDED from AndroidManifest.xml:138:19
activity#com.map.pandora.RegiPhoneInputActivity_
ADDED from AndroidManifest.xml:139:9
	android:name
		ADDED from AndroidManifest.xml:139:19
activity#com.map.pandora.RegiIndentifyAndPassActivity_
ADDED from AndroidManifest.xml:140:9
	android:name
		ADDED from AndroidManifest.xml:140:19
activity#com.map.pandora.BNavigatorActivity_
ADDED from AndroidManifest.xml:142:9
	android:configChanges
		ADDED from AndroidManifest.xml:143:13
	android:name
		ADDED from AndroidManifest.xml:142:19
activity#com.mob.tools.MobUIShell
ADDED from AndroidManifest.xml:145:9
	android:windowSoftInputMode
		ADDED from AndroidManifest.xml:149:13
	android:configChanges
		ADDED from AndroidManifest.xml:147:13
	android:theme
		ADDED from AndroidManifest.xml:148:13
	android:name
		ADDED from AndroidManifest.xml:146:13
service#com.baidu.location.f
ADDED from AndroidManifest.xml:151:9
	android:process
		ADDED from AndroidManifest.xml:154:13
	android:enabled
		ADDED from AndroidManifest.xml:153:13
	android:name
		ADDED from AndroidManifest.xml:152:13
service#com.baidu.navi.location.f
ADDED from AndroidManifest.xml:156:9
	android:enabled
		ADDED from AndroidManifest.xml:156:59
	android:name
		ADDED from AndroidManifest.xml:156:18
uses-sdk
INJECTED from AndroidManifest.xml:0:0 reason: use-sdk injection requested
MERGED from PandoraMap:sMSSDK:unspecified:7:5
MERGED from com.android.support:appcompat-v7:21.0.3:15:5
MERGED from com.android.support:support-v4:21.0.3:15:5
	android:targetSdkVersion
		INJECTED from AndroidManifest.xml:0:0
		INJECTED from AndroidManifest.xml:0:0
	android:minSdkVersion
		INJECTED from AndroidManifest.xml:0:0
		INJECTED from AndroidManifest.xml:0:0